<?xml version="1.0" encoding="UTF-8"?>
<!-- Generated by org.testng.reporters.JUnitXMLReporter -->
<testsuite ignored="0" hostname="Kamlesh" failures="1" tests="1" name="Surefire test" time="6.365" errors="0" timestamp="2025-04-24T22:46:20 IST">
  <testcase classname="io.cucumber.testng.AbstractTestNGCucumberTests" name="runScenario" time="6.102">
    <failure type="java.lang.AssertionError" message="expected [] but found [Tomato]">
      <![CDATA[java.lang.AssertionError: expected [] but found [Tomato]
at stepDefination.OfferPageStepDefination.validate_product_name_in_offers_page_matches_with_landing_page(OfferPageStepDefination.java:60)
at âœ½.Validate product name in offers page matches with landing page(file:///C:/Users/kamle/eclipse-workspace/DemoBDD/src/test/java/feature/SearchProduct.feature:8)
... Removed 6 stack frames]]>
    </failure>
  </testcase> <!-- runScenario -->
</testsuite> <!-- Surefire test -->
